<?xml version="1.0" encoding="UTF-8"?>
<!-- Generated by org.testng.reporters.JUnitReportReporter -->
<testsuite hostname="Mahi_Goud" failures="0" tests="1" name="com.practice.basics.TestNGPractice" time="0.006" errors="0" timestamp="2022-12-07T17:17:49 IST" skipped="0">
  <testcase classname="com.practice.basics.TestNGPractice" name="Test" time="0.006"/>
  <system-out/>
</testsuite> <!-- com.practice.basics.TestNGPractice -->
